ROSCORE: Usage: roscore [options]
ROSCORE: 
ROSCORE: roscore: error: -p option requires an argument
PUB: [rospack] Error: package 'tf2_web_republisher' not found
BR: stdbuf: failed to run command â€˜./launch_rosbridge_server.pyâ€™: No such file or directory
PROXY: [rospack] Error: package 'interactive_marker_proxy' not found
KUKA: [rosrun] Couldn't find executable named robot_sim_bringup below /home/k5200/CSMM.103x/4/startercode/catkin_ws/src/robot_sim
STATE_PUB: [31m[ERROR] [1668671407.165014760]: [registerPublisher] Failed to contact master at [localhost:0].  Retrying...[0m
